[0202/124522.071:ERROR:directory_reader_win.cc(43)] FindFirstFile: The system cannot find the path specified. (0x3)
[0202/124957.288:ERROR:directory_reader_win.cc(43)] FindFirstFile: The system cannot find the path specified. (0x3)
[0202/130046.739:ERROR:directory_reader_win.cc(43)] FindFirstFile: The system cannot find the path specified. (0x3)
[0202/135135.060:ERROR:directory_reader_win.cc(43)] FindFirstFile: The system cannot find the path specified. (0x3)
[0202/142157.015:ERROR:process_reader_win.cc(123)] NtOpenThread: {Access Denied} A process has requested access to an object, but has not been granted those access rights. (0xc0000022)
[0202/142157.016:ERROR:exception_snapshot_win.cc(99)] thread ID 40360 not found in process
[0202/142157.089:ERROR:process_reader_win.cc(123)] NtOpenThread: {Access Denied} A process has requested access to an object, but has not been granted those access rights. (0xc0000022)
[0202/142157.089:ERROR:exception_snapshot_win.cc(99)] thread ID 40476 not found in process
[0202/142307.054:ERROR:process_info.cc(329)] VirtualQueryEx: Access is denied. (0x5)
[0202/142307.054:ERROR:process_info.cc(556)] ReadMemoryInfo failed
[0202/142307.054:ERROR:process_memory_win.cc(39)] Failed to initialize ProcessInfo.
[0202/142307.054:ERROR:scoped_process_suspend.cc(40)] NtResumeProcess: An attempt was made to access an exiting process. (0xc000010a)
[0202/142307.092:ERROR:process_reader_win.cc(123)] NtOpenThread: {Access Denied} A process has requested access to an object, but has not been granted those access rights. (0xc0000022)
[0202/142307.092:ERROR:exception_snapshot_win.cc(99)] thread ID 58168 not found in process
[0202/142322.094:ERROR:process_reader_win.cc(108)] process 65292 not found
[0202/142322.094:ERROR:exception_snapshot_win.cc(99)] thread ID 70896 not found in process
[0202/142322.094:ERROR:scoped_process_suspend.cc(40)] NtResumeProcess: An attempt was made to access an exiting process. (0xc000010a)
[0202/142322.127:ERROR:process_reader_win.cc(123)] NtOpenThread: {Access Denied} A process has requested access to an object, but has not been granted those access rights. (0xc0000022)
[0202/142322.127:ERROR:exception_snapshot_win.cc(99)] thread ID 64264 not found in process
[0202/142332.122:ERROR:process_reader_win.cc(123)] NtOpenThread: An invalid Client ID was specified. (0xc000000b)
[0202/142332.122:ERROR:exception_snapshot_win.cc(99)] thread ID 63772 not found in process
[0202/142332.122:ERROR:scoped_process_suspend.cc(40)] NtResumeProcess: An attempt was made to access an exiting process. (0xc000010a)
[0202/142332.168:ERROR:process_reader_win.cc(123)] NtOpenThread: {Access Denied} A process has requested access to an object, but has not been granted those access rights. (0xc0000022)
[0202/142332.168:ERROR:exception_snapshot_win.cc(99)] thread ID 35572 not found in process
